This file contains any messages produced by compilers while
running configure, to aid debugging if configure makes a mistake.

It was created by dmucs configure 0.6.1, which was
generated by GNU Autoconf 2.69.  Invocation command line was

  $ ./configure 

## --------- ##
## Platform. ##
## --------- ##

hostname = nn01
uname -m = x86_64
uname -r = 4.15.0-55-generic
uname -s = Linux
uname -v = #60-Ubuntu SMP Tue Jul 2 18:22:20 UTC 2019

/usr/bin/uname -p = unknown
/bin/uname -X     = unknown

/bin/arch              = unknown
/usr/bin/arch -k       = unknown
/usr/convex/getsysinfo = unknown
/usr/bin/hostinfo      = unknown
/bin/machine           = unknown
/usr/bin/oslevel       = unknown
/bin/universe          = unknown

PATH: /usr/local/src/libertyEiffel/bell/target/bin
PATH: /usr/local/Java/apache-ant-1.9.4/bin
PATH: /home/stg/bin
PATH: /home/stg/.local/bin
PATH: /usr/local/sbin
PATH: /usr/local/bin
PATH: /usr/sbin
PATH: /usr/bin
PATH: /sbin
PATH: /bin
PATH: /usr/games
PATH: /usr/local/games
PATH: /snap/bin


## ----------- ##
## Core tests. ##
## ----------- ##

configure:2459: checking for a BSD-compatible install
configure:2527: result: /usr/bin/install -c
configure:2538: checking whether build environment is sane
configure:2593: result: yes
configure:2744: checking for a thread-safe mkdir -p
configure:2783: result: /bin/mkdir -p
configure:2790: checking for gawk
configure:2806: found /usr/bin/gawk
configure:2817: result: gawk
configure:2828: checking whether make sets $(MAKE)
configure:2850: result: yes
configure:2879: checking whether make supports nested variables
configure:2896: result: yes
configure:3088: checking for g++
configure:3104: found /usr/bin/g++
configure:3115: result: g++
configure:3142: checking for C++ compiler version
configure:3151: g++ --version >&5
g++ (Ubuntu 7.4.0-1ubuntu1~18.04.1) 7.4.0
Copyright (C) 2017 Free Software Foundation, Inc.
This is free software; see the source for copying conditions.  There is NO
warranty; not even for MERCHANTABILITY or FITNESS FOR A PARTICULAR PURPOSE.

configure:3162: $? = 0
configure:3151: g++ -v >&5
Using built-in specs.
COLLECT_GCC=g++
COLLECT_LTO_WRAPPER=/usr/lib/gcc/x86_64-linux-gnu/7/lto-wrapper
OFFLOAD_TARGET_NAMES=nvptx-none
OFFLOAD_TARGET_DEFAULT=1
Target: x86_64-linux-gnu
Configured with: ../src/configure -v --with-pkgversion='Ubuntu 7.4.0-1ubuntu1~18.04.1' --with-bugurl=file:///usr/share/doc/gcc-7/README.Bugs --enable-languages=c,ada,c++,go,brig,d,fortran,objc,obj-c++ --prefix=/usr --with-gcc-major-version-only --program-suffix=-7 --program-prefix=x86_64-linux-gnu- --enable-shared --enable-linker-build-id --libexecdir=/usr/lib --without-included-gettext --enable-threads=posix --libdir=/usr/lib --enable-nls --with-sysroot=/ --enable-clocale=gnu --enable-libstdcxx-debug --enable-libstdcxx-time=yes --with-default-libstdcxx-abi=new --enable-gnu-unique-object --disable-vtable-verify --enable-libmpx --enable-plugin --enable-default-pie --with-system-zlib --with-target-system-zlib --enable-objc-gc=auto --enable-multiarch --disable-werror --with-arch-32=i686 --with-abi=m64 --with-multilib-list=m32,m64,mx32 --enable-multilib --with-tune=generic --enable-offload-targets=nvptx-none --without-cuda-driver --enable-checking=release --build=x86_64-linux-gnu --host=x86_64-linux-gnu --target=x86_64-linux-gnu
Thread model: posix
gcc version 7.4.0 (Ubuntu 7.4.0-1ubuntu1~18.04.1) 
configure:3162: $? = 0
configure:3151: g++ -V >&5
g++: error: unrecognized command line option '-V'
g++: fatal error: no input files
compilation terminated.
configure:3162: $? = 1
configure:3151: g++ -qversion >&5
g++: error: unrecognized command line option '-qversion'; did you mean '--version'?
g++: fatal error: no input files
compilation terminated.
configure:3162: $? = 1
configure:3182: checking whether the C++ compiler works
configure:3204: g++    conftest.cpp  >&5
configure:3208: $? = 0
configure:3256: result: yes
configure:3259: checking for C++ compiler default output file name
configure:3261: result: a.out
configure:3267: checking for suffix of executables
configure:3274: g++ -o conftest    conftest.cpp  >&5
configure:3278: $? = 0
configure:3300: result: 
configure:3322: checking whether we are cross compiling
configure:3330: g++ -o conftest    conftest.cpp  >&5
configure:3334: $? = 0
configure:3341: ./conftest
configure:3345: $? = 0
configure:3360: result: no
configure:3365: checking for suffix of object files
configure:3387: g++ -c   conftest.cpp >&5
configure:3391: $? = 0
configure:3412: result: o
configure:3416: checking whether we are using the GNU C++ compiler
configure:3435: g++ -c   conftest.cpp >&5
configure:3435: $? = 0
configure:3444: result: yes
configure:3453: checking whether g++ accepts -g
configure:3473: g++ -c -g  conftest.cpp >&5
configure:3473: $? = 0
configure:3514: result: yes
configure:3548: checking for style of include used by make
configure:3576: result: GNU
configure:3602: checking dependency style of g++
configure:3713: result: gcc3
configure:3776: checking for gcc
configure:3792: found /usr/bin/gcc
configure:3803: result: gcc
configure:4032: checking for C compiler version
configure:4041: gcc --version >&5
gcc (Ubuntu 7.4.0-1ubuntu1~18.04.1) 7.4.0
Copyright (C) 2017 Free Software Foundation, Inc.
This is free software; see the source for copying conditions.  There is NO
warranty; not even for MERCHANTABILITY or FITNESS FOR A PARTICULAR PURPOSE.

configure:4052: $? = 0
configure:4041: gcc -v >&5
Using built-in specs.
COLLECT_GCC=gcc
COLLECT_LTO_WRAPPER=/usr/lib/gcc/x86_64-linux-gnu/7/lto-wrapper
OFFLOAD_TARGET_NAMES=nvptx-none
OFFLOAD_TARGET_DEFAULT=1
Target: x86_64-linux-gnu
Configured with: ../src/configure -v --with-pkgversion='Ubuntu 7.4.0-1ubuntu1~18.04.1' --with-bugurl=file:///usr/share/doc/gcc-7/README.Bugs --enable-languages=c,ada,c++,go,brig,d,fortran,objc,obj-c++ --prefix=/usr --with-gcc-major-version-only --program-suffix=-7 --program-prefix=x86_64-linux-gnu- --enable-shared --enable-linker-build-id --libexecdir=/usr/lib --without-included-gettext --enable-threads=posix --libdir=/usr/lib --enable-nls --with-sysroot=/ --enable-clocale=gnu --enable-libstdcxx-debug --enable-libstdcxx-time=yes --with-default-libstdcxx-abi=new --enable-gnu-unique-object --disable-vtable-verify --enable-libmpx --enable-plugin --enable-default-pie --with-system-zlib --with-target-system-zlib --enable-objc-gc=auto --enable-multiarch --disable-werror --with-arch-32=i686 --with-abi=m64 --with-multilib-list=m32,m64,mx32 --enable-multilib --with-tune=generic --enable-offload-targets=nvptx-none --without-cuda-driver --enable-checking=release --build=x86_64-linux-gnu --host=x86_64-linux-gnu --target=x86_64-linux-gnu
Thread model: posix
gcc version 7.4.0 (Ubuntu 7.4.0-1ubuntu1~18.04.1) 
configure:4052: $? = 0
configure:4041: gcc -V >&5
gcc: error: unrecognized command line option '-V'
gcc: fatal error: no input files
compilation terminated.
configure:4052: $? = 1
configure:4041: gcc -qversion >&5
gcc: error: unrecognized command line option '-qversion'; did you mean '--version'?
gcc: fatal error: no input files
compilation terminated.
configure:4052: $? = 1
configure:4056: checking whether we are using the GNU C compiler
configure:4075: gcc -c   conftest.c >&5
configure:4075: $? = 0
configure:4084: result: yes
configure:4093: checking whether gcc accepts -g
configure:4113: gcc -c -g  conftest.c >&5
configure:4113: $? = 0
configure:4154: result: yes
configure:4171: checking for gcc option to accept ISO C89
configure:4234: gcc  -c -g -O2  conftest.c >&5
configure:4234: $? = 0
configure:4247: result: none needed
configure:4272: checking whether gcc understands -c and -o together
configure:4294: gcc -c conftest.c -o conftest2.o
configure:4297: $? = 0
configure:4294: gcc -c conftest.c -o conftest2.o
configure:4297: $? = 0
configure:4309: result: yes
configure:4328: checking dependency style of gcc
configure:4439: result: gcc3
configure:4504: checking for ar
configure:4520: found /usr/bin/ar
configure:4531: result: ar
configure:4557: checking the archiver (ar) interface
configure:4573: gcc -c -g -O2  conftest.c >&5
configure:4573: $? = 0
configure:4575: ar cru libconftest.a conftest.o >&5
ar: `u' modifier ignored since `D' is the default (see `U')
configure:4578: $? = 0
configure:4606: result: ar
configure:4655: checking build system type
configure:4669: result: x86_64-pc-linux-gnu
configure:4689: checking host system type
configure:4702: result: x86_64-pc-linux-gnu
configure:4743: checking how to print strings
configure:4770: result: printf
configure:4791: checking for a sed that does not truncate output
configure:4855: result: /bin/sed
configure:4873: checking for grep that handles long lines and -e
configure:4931: result: /bin/grep
configure:4936: checking for egrep
configure:4998: result: /bin/grep -E
configure:5003: checking for fgrep
configure:5065: result: /bin/grep -F
configure:5100: checking for ld used by gcc
configure:5167: result: /usr/bin/ld
configure:5174: checking if the linker (/usr/bin/ld) is GNU ld
configure:5189: result: yes
configure:5201: checking for BSD- or MS-compatible name lister (nm)
configure:5255: result: /usr/bin/nm -B
configure:5385: checking the name lister (/usr/bin/nm -B) interface
configure:5392: gcc -c -g -O2  conftest.c >&5
configure:5395: /usr/bin/nm -B "conftest.o"
configure:5398: output
0000000000000000 B some_variable
configure:5405: result: BSD nm
configure:5408: checking whether ln -s works
configure:5412: result: yes
configure:5420: checking the maximum length of command line arguments
configure:5551: result: 1572864
configure:5599: checking how to convert x86_64-pc-linux-gnu file names to x86_64-pc-linux-gnu format
configure:5639: result: func_convert_file_noop
configure:5646: checking how to convert x86_64-pc-linux-gnu file names to toolchain format
configure:5666: result: func_convert_file_noop
configure:5673: checking for /usr/bin/ld option to reload object files
configure:5680: result: -r
configure:5754: checking for objdump
configure:5770: found /usr/bin/objdump
configure:5781: result: objdump
configure:5813: checking how to recognize dependent libraries
configure:6013: result: pass_all
configure:6098: checking for dlltool
configure:6128: result: no
configure:6158: checking how to associate runtime and link libraries
configure:6185: result: printf %s\n
configure:6309: checking for archiver @FILE support
configure:6326: gcc -c -g -O2  conftest.c >&5
configure:6326: $? = 0
configure:6329: ar cru libconftest.a @conftest.lst >&5
ar: `u' modifier ignored since `D' is the default (see `U')
configure:6332: $? = 0
configure:6337: ar cru libconftest.a @conftest.lst >&5
ar: `u' modifier ignored since `D' is the default (see `U')
ar: conftest.o: No such file or directory
configure:6340: $? = 1
configure:6352: result: @
configure:6410: checking for strip
configure:6426: found /usr/bin/strip
configure:6437: result: strip
configure:6509: checking for ranlib
configure:6525: found /usr/bin/ranlib
configure:6536: result: ranlib
configure:6638: checking command to parse /usr/bin/nm -B output from gcc object
configure:6791: gcc -c -g -O2  conftest.c >&5
configure:6794: $? = 0
configure:6798: /usr/bin/nm -B conftest.o \| sed -n -e 's/^.*[ ]\([ABCDGIRSTW][ABCDGIRSTW]*\)[ ][ ]*\([_A-Za-z][_A-Za-z0-9]*\)$/\1 \2 \2/p' | sed '/ __gnu_lto/d' \> conftest.nm
configure:6801: $? = 0
configure:6867: gcc -o conftest -g -O2   conftest.c conftstm.o >&5
configure:6870: $? = 0
configure:6908: result: ok
configure:6955: checking for sysroot
configure:6985: result: no
configure:6992: checking for a working dd
configure:7030: result: /bin/dd
configure:7034: checking how to truncate binary pipes
configure:7049: result: /bin/dd bs=4096 count=1
configure:7185: gcc -c -g -O2  conftest.c >&5
configure:7188: $? = 0
configure:7378: checking for mt
configure:7394: found /bin/mt
configure:7405: result: mt
configure:7428: checking if mt is a manifest tool
configure:7434: mt '-?'
configure:7442: result: no
configure:8119: checking how to run the C preprocessor
configure:8150: gcc -E  conftest.c
configure:8150: $? = 0
configure:8164: gcc -E  conftest.c
conftest.c:11:10: fatal error: ac_nonexistent.h: No such file or directory
 #include <ac_nonexistent.h>
          ^~~~~~~~~~~~~~~~~~
compilation terminated.
configure:8164: $? = 1
configure: failed program was:
| /* confdefs.h */
| #define PACKAGE_NAME "dmucs"
| #define PACKAGE_TARNAME "dmucs"
| #define PACKAGE_VERSION "0.6.1"
| #define PACKAGE_STRING "dmucs 0.6.1"
| #define PACKAGE_BUGREPORT "vic.norman@gmail.com"
| #define PACKAGE_URL ""
| #define PACKAGE "dmucs"
| #define VERSION "0.6.1"
| /* end confdefs.h.  */
| #include <ac_nonexistent.h>
configure:8189: result: gcc -E
configure:8209: gcc -E  conftest.c
configure:8209: $? = 0
configure:8223: gcc -E  conftest.c
conftest.c:11:10: fatal error: ac_nonexistent.h: No such file or directory
 #include <ac_nonexistent.h>
          ^~~~~~~~~~~~~~~~~~
compilation terminated.
configure:8223: $? = 1
configure: failed program was:
| /* confdefs.h */
| #define PACKAGE_NAME "dmucs"
| #define PACKAGE_TARNAME "dmucs"
| #define PACKAGE_VERSION "0.6.1"
| #define PACKAGE_STRING "dmucs 0.6.1"
| #define PACKAGE_BUGREPORT "vic.norman@gmail.com"
| #define PACKAGE_URL ""
| #define PACKAGE "dmucs"
| #define VERSION "0.6.1"
| /* end confdefs.h.  */
| #include <ac_nonexistent.h>
configure:8252: checking for ANSI C header files
configure:8272: gcc -c -g -O2  conftest.c >&5
configure:8272: $? = 0
configure:8345: gcc -o conftest -g -O2   conftest.c  >&5
configure:8345: $? = 0
configure:8345: ./conftest
configure:8345: $? = 0
configure:8356: result: yes
configure:8369: checking for sys/types.h
configure:8369: gcc -c -g -O2  conftest.c >&5
configure:8369: $? = 0
configure:8369: result: yes
configure:8369: checking for sys/stat.h
configure:8369: gcc -c -g -O2  conftest.c >&5
configure:8369: $? = 0
configure:8369: result: yes
configure:8369: checking for stdlib.h
configure:8369: gcc -c -g -O2  conftest.c >&5
configure:8369: $? = 0
configure:8369: result: yes
configure:8369: checking for string.h
configure:8369: gcc -c -g -O2  conftest.c >&5
configure:8369: $? = 0
configure:8369: result: yes
configure:8369: checking for memory.h
configure:8369: gcc -c -g -O2  conftest.c >&5
configure:8369: $? = 0
configure:8369: result: yes
configure:8369: checking for strings.h
configure:8369: gcc -c -g -O2  conftest.c >&5
configure:8369: $? = 0
configure:8369: result: yes
configure:8369: checking for inttypes.h
configure:8369: gcc -c -g -O2  conftest.c >&5
configure:8369: $? = 0
configure:8369: result: yes
configure:8369: checking for stdint.h
configure:8369: gcc -c -g -O2  conftest.c >&5
configure:8369: $? = 0
configure:8369: result: yes
configure:8369: checking for unistd.h
configure:8369: gcc -c -g -O2  conftest.c >&5
configure:8369: $? = 0
configure:8369: result: yes
configure:8383: checking for dlfcn.h
configure:8383: gcc -c -g -O2  conftest.c >&5
configure:8383: $? = 0
configure:8383: result: yes
configure:8650: checking for objdir
configure:8665: result: .libs
configure:8929: checking if gcc supports -fno-rtti -fno-exceptions
configure:8947: gcc -c -g -O2  -fno-rtti -fno-exceptions conftest.c >&5
cc1: warning: command line option '-fno-rtti' is valid for C++/ObjC++ but not for C
configure:8951: $? = 0
configure:8964: result: no
configure:9322: checking for gcc option to produce PIC
configure:9329: result: -fPIC -DPIC
configure:9337: checking if gcc PIC flag -fPIC -DPIC works
configure:9355: gcc -c -g -O2  -fPIC -DPIC -DPIC conftest.c >&5
configure:9359: $? = 0
configure:9372: result: yes
configure:9401: checking if gcc static flag -static works
configure:9429: result: yes
configure:9444: checking if gcc supports -c -o file.o
configure:9465: gcc -c -g -O2  -o out/conftest2.o conftest.c >&5
configure:9469: $? = 0
configure:9491: result: yes
configure:9499: checking if gcc supports -c -o file.o
configure:9546: result: yes
configure:9579: checking whether the gcc linker (/usr/bin/ld -m elf_x86_64) supports shared libraries
configure:10842: result: yes
configure:10879: checking whether -lc should be explicitly linked in
configure:10887: gcc -c -g -O2  conftest.c >&5
configure:10890: $? = 0
configure:10905: gcc -shared  -fPIC -DPIC conftest.o  -v -Wl,-soname -Wl,conftest -o conftest 2\>\&1 \| /bin/grep  -lc  \>/dev/null 2\>\&1
configure:10908: $? = 0
configure:10922: result: no
configure:11082: checking dynamic linker characteristics
configure:11663: gcc -o conftest -g -O2   -Wl,-rpath -Wl,/foo conftest.c  >&5
configure:11663: $? = 0
configure:11912: result: GNU/Linux ld.so
configure:12034: checking how to hardcode library paths into programs
configure:12059: result: immediate
configure:12607: checking whether stripping libraries is possible
configure:12612: result: yes
configure:12647: checking if libtool supports shared libraries
configure:12649: result: yes
configure:12652: checking whether to build shared libraries
configure:12677: result: yes
configure:12680: checking whether to build static libraries
configure:12684: result: yes
configure:12707: checking how to run the C++ preprocessor
configure:12734: g++ -E  conftest.cpp
configure:12734: $? = 0
configure:12748: g++ -E  conftest.cpp
conftest.cpp:23:10: fatal error: ac_nonexistent.h: No such file or directory
 #include <ac_nonexistent.h>
          ^~~~~~~~~~~~~~~~~~
compilation terminated.
configure:12748: $? = 1
configure: failed program was:
| /* confdefs.h */
| #define PACKAGE_NAME "dmucs"
| #define PACKAGE_TARNAME "dmucs"
| #define PACKAGE_VERSION "0.6.1"
| #define PACKAGE_STRING "dmucs 0.6.1"
| #define PACKAGE_BUGREPORT "vic.norman@gmail.com"
| #define PACKAGE_URL ""
| #define PACKAGE "dmucs"
| #define VERSION "0.6.1"
| #define STDC_HEADERS 1
| #define HAVE_SYS_TYPES_H 1
| #define HAVE_SYS_STAT_H 1
| #define HAVE_STDLIB_H 1
| #define HAVE_STRING_H 1
| #define HAVE_MEMORY_H 1
| #define HAVE_STRINGS_H 1
| #define HAVE_INTTYPES_H 1
| #define HAVE_STDINT_H 1
| #define HAVE_UNISTD_H 1
| #define HAVE_DLFCN_H 1
| #define LT_OBJDIR ".libs/"
| /* end confdefs.h.  */
| #include <ac_nonexistent.h>
configure:12773: result: g++ -E
configure:12793: g++ -E  conftest.cpp
configure:12793: $? = 0
configure:12807: g++ -E  conftest.cpp
conftest.cpp:23:10: fatal error: ac_nonexistent.h: No such file or directory
 #include <ac_nonexistent.h>
          ^~~~~~~~~~~~~~~~~~
compilation terminated.
configure:12807: $? = 1
configure: failed program was:
| /* confdefs.h */
| #define PACKAGE_NAME "dmucs"
| #define PACKAGE_TARNAME "dmucs"
| #define PACKAGE_VERSION "0.6.1"
| #define PACKAGE_STRING "dmucs 0.6.1"
| #define PACKAGE_BUGREPORT "vic.norman@gmail.com"
| #define PACKAGE_URL ""
| #define PACKAGE "dmucs"
| #define VERSION "0.6.1"
| #define STDC_HEADERS 1
| #define HAVE_SYS_TYPES_H 1
| #define HAVE_SYS_STAT_H 1
| #define HAVE_STDLIB_H 1
| #define HAVE_STRING_H 1
| #define HAVE_MEMORY_H 1
| #define HAVE_STRINGS_H 1
| #define HAVE_INTTYPES_H 1
| #define HAVE_STDINT_H 1
| #define HAVE_UNISTD_H 1
| #define HAVE_DLFCN_H 1
| #define LT_OBJDIR ".libs/"
| /* end confdefs.h.  */
| #include <ac_nonexistent.h>
configure:12969: checking for ld used by g++
configure:13036: result: /usr/bin/ld -m elf_x86_64
configure:13043: checking if the linker (/usr/bin/ld -m elf_x86_64) is GNU ld
configure:13058: result: yes
configure:13113: checking whether the g++ linker (/usr/bin/ld -m elf_x86_64) supports shared libraries
configure:14186: result: yes
configure:14222: g++ -c -g -O2  conftest.cpp >&5
configure:14225: $? = 0
configure:14706: checking for g++ option to produce PIC
configure:14713: result: -fPIC -DPIC
configure:14721: checking if g++ PIC flag -fPIC -DPIC works
configure:14739: g++ -c -g -O2  -fPIC -DPIC -DPIC conftest.cpp >&5
configure:14743: $? = 0
configure:14756: result: yes
configure:14779: checking if g++ static flag -static works
configure:14807: result: yes
configure:14819: checking if g++ supports -c -o file.o
configure:14840: g++ -c -g -O2  -o out/conftest2.o conftest.cpp >&5
configure:14844: $? = 0
configure:14866: result: yes
configure:14871: checking if g++ supports -c -o file.o
configure:14918: result: yes
configure:14948: checking whether the g++ linker (/usr/bin/ld -m elf_x86_64) supports shared libraries
configure:14991: result: yes
configure:15132: checking dynamic linker characteristics
configure:15889: result: GNU/Linux ld.so
configure:15954: checking how to hardcode library paths into programs
configure:15979: result: immediate
configure:16042: checking for gethostbyname in -lnsl
configure:16067: gcc -o conftest -g -O2   conftest.c -lnsl   >&5
configure:16067: $? = 0
configure:16076: result: yes
configure:16087: checking for gethostbyaddr_r in -lnsl
configure:16112: gcc -o conftest -g -O2   conftest.c -lnsl  -lnsl  >&5
configure:16112: $? = 0
configure:16121: result: yes
configure:16132: checking for socket in -lsocket
configure:16157: gcc -o conftest -g -O2   conftest.c -lsocket  -lnsl -lnsl  >&5
/usr/bin/ld: cannot find -lsocket
collect2: error: ld returned 1 exit status
configure:16157: $? = 1
configure: failed program was:
| /* confdefs.h */
| #define PACKAGE_NAME "dmucs"
| #define PACKAGE_TARNAME "dmucs"
| #define PACKAGE_VERSION "0.6.1"
| #define PACKAGE_STRING "dmucs 0.6.1"
| #define PACKAGE_BUGREPORT "vic.norman@gmail.com"
| #define PACKAGE_URL ""
| #define PACKAGE "dmucs"
| #define VERSION "0.6.1"
| #define STDC_HEADERS 1
| #define HAVE_SYS_TYPES_H 1
| #define HAVE_SYS_STAT_H 1
| #define HAVE_STDLIB_H 1
| #define HAVE_STRING_H 1
| #define HAVE_MEMORY_H 1
| #define HAVE_STRINGS_H 1
| #define HAVE_INTTYPES_H 1
| #define HAVE_STDINT_H 1
| #define HAVE_UNISTD_H 1
| #define HAVE_DLFCN_H 1
| #define LT_OBJDIR ".libs/"
| #define HAVE_LIBNSL 1
| #define HAVE_LIBNSL 1
| /* end confdefs.h.  */
| 
| /* Override any GCC internal prototype to avoid an error.
|    Use char because int might match the return type of a GCC
|    builtin and then its argument prototype would still apply.  */
| #ifdef __cplusplus
| extern "C"
| #endif
| char socket ();
| int
| main ()
| {
| return socket ();
|   ;
|   return 0;
| }
configure:16166: result: no
configure:16177: checking for pthread_mutex_lock in -lpthread
configure:16202: gcc -o conftest -g -O2   conftest.c -lpthread  -lnsl -lnsl  >&5
configure:16202: $? = 0
configure:16211: result: yes
configure:16227: checking arpa/inet.h usability
configure:16227: gcc -c -g -O2  conftest.c >&5
configure:16227: $? = 0
configure:16227: result: yes
configure:16227: checking arpa/inet.h presence
configure:16227: gcc -E  conftest.c
configure:16227: $? = 0
configure:16227: result: yes
configure:16227: checking for arpa/inet.h
configure:16227: result: yes
configure:16227: checking netdb.h usability
configure:16227: gcc -c -g -O2  conftest.c >&5
configure:16227: $? = 0
configure:16227: result: yes
configure:16227: checking netdb.h presence
configure:16227: gcc -E  conftest.c
configure:16227: $? = 0
configure:16227: result: yes
configure:16227: checking for netdb.h
configure:16227: result: yes
configure:16227: checking netinet/in.h usability
configure:16227: gcc -c -g -O2  conftest.c >&5
configure:16227: $? = 0
configure:16227: result: yes
configure:16227: checking netinet/in.h presence
configure:16227: gcc -E  conftest.c
configure:16227: $? = 0
configure:16227: result: yes
configure:16227: checking for netinet/in.h
configure:16227: result: yes
configure:16227: checking sys/socket.h usability
configure:16227: gcc -c -g -O2  conftest.c >&5
configure:16227: $? = 0
configure:16227: result: yes
configure:16227: checking sys/socket.h presence
configure:16227: gcc -E  conftest.c
configure:16227: $? = 0
configure:16227: result: yes
configure:16227: checking for sys/socket.h
configure:16227: result: yes
configure:16227: checking for unistd.h
configure:16227: result: yes
configure:16239: checking for stdbool.h that conforms to C99
configure:16306: gcc -c -g -O2  conftest.c >&5
configure:16306: $? = 0
configure:16313: result: yes
configure:16315: checking for _Bool
configure:16315: gcc -c -g -O2  conftest.c >&5
configure:16315: $? = 0
configure:16315: gcc -c -g -O2  conftest.c >&5
conftest.c: In function 'main':
conftest.c:67:20: error: expected expression before ')' token
 if (sizeof ((_Bool)))
                    ^
configure:16315: $? = 1
configure: failed program was:
| /* confdefs.h */
| #define PACKAGE_NAME "dmucs"
| #define PACKAGE_TARNAME "dmucs"
| #define PACKAGE_VERSION "0.6.1"
| #define PACKAGE_STRING "dmucs 0.6.1"
| #define PACKAGE_BUGREPORT "vic.norman@gmail.com"
| #define PACKAGE_URL ""
| #define PACKAGE "dmucs"
| #define VERSION "0.6.1"
| #define STDC_HEADERS 1
| #define HAVE_SYS_TYPES_H 1
| #define HAVE_SYS_STAT_H 1
| #define HAVE_STDLIB_H 1
| #define HAVE_STRING_H 1
| #define HAVE_MEMORY_H 1
| #define HAVE_STRINGS_H 1
| #define HAVE_INTTYPES_H 1
| #define HAVE_STDINT_H 1
| #define HAVE_UNISTD_H 1
| #define HAVE_DLFCN_H 1
| #define LT_OBJDIR ".libs/"
| #define HAVE_LIBNSL 1
| #define HAVE_LIBNSL 1
| #define HAVE_LIBPTHREAD 1
| #define HAVE_ARPA_INET_H 1
| #define HAVE_NETDB_H 1
| #define HAVE_NETINET_IN_H 1
| #define HAVE_SYS_SOCKET_H 1
| #define HAVE_UNISTD_H 1
| /* end confdefs.h.  */
| #include <stdio.h>
| #ifdef HAVE_SYS_TYPES_H
| # include <sys/types.h>
| #endif
| #ifdef HAVE_SYS_STAT_H
| # include <sys/stat.h>
| #endif
| #ifdef STDC_HEADERS
| # include <stdlib.h>
| # include <stddef.h>
| #else
| # ifdef HAVE_STDLIB_H
| #  include <stdlib.h>
| # endif
| #endif
| #ifdef HAVE_STRING_H
| # if !defined STDC_HEADERS && defined HAVE_MEMORY_H
| #  include <memory.h>
| # endif
| # include <string.h>
| #endif
| #ifdef HAVE_STRINGS_H
| # include <strings.h>
| #endif
| #ifdef HAVE_INTTYPES_H
| # include <inttypes.h>
| #endif
| #ifdef HAVE_STDINT_H
| # include <stdint.h>
| #endif
| #ifdef HAVE_UNISTD_H
| # include <unistd.h>
| #endif
| int
| main ()
| {
| if (sizeof ((_Bool)))
| 	    return 0;
|   ;
|   return 0;
| }
configure:16315: result: yes
configure:16332: checking for an ANSI C-conforming const
configure:16398: gcc -c -g -O2  conftest.c >&5
configure:16398: $? = 0
configure:16405: result: yes
configure:16413: checking for inline
configure:16429: gcc -c -g -O2  conftest.c >&5
configure:16429: $? = 0
configure:16437: result: inline
configure:16457: checking for pid_t
configure:16457: gcc -c -g -O2  conftest.c >&5
configure:16457: $? = 0
configure:16457: gcc -c -g -O2  conftest.c >&5
conftest.c: In function 'main':
conftest.c:69:20: error: expected expression before ')' token
 if (sizeof ((pid_t)))
                    ^
configure:16457: $? = 1
configure: failed program was:
| /* confdefs.h */
| #define PACKAGE_NAME "dmucs"
| #define PACKAGE_TARNAME "dmucs"
| #define PACKAGE_VERSION "0.6.1"
| #define PACKAGE_STRING "dmucs 0.6.1"
| #define PACKAGE_BUGREPORT "vic.norman@gmail.com"
| #define PACKAGE_URL ""
| #define PACKAGE "dmucs"
| #define VERSION "0.6.1"
| #define STDC_HEADERS 1
| #define HAVE_SYS_TYPES_H 1
| #define HAVE_SYS_STAT_H 1
| #define HAVE_STDLIB_H 1
| #define HAVE_STRING_H 1
| #define HAVE_MEMORY_H 1
| #define HAVE_STRINGS_H 1
| #define HAVE_INTTYPES_H 1
| #define HAVE_STDINT_H 1
| #define HAVE_UNISTD_H 1
| #define HAVE_DLFCN_H 1
| #define LT_OBJDIR ".libs/"
| #define HAVE_LIBNSL 1
| #define HAVE_LIBNSL 1
| #define HAVE_LIBPTHREAD 1
| #define HAVE_ARPA_INET_H 1
| #define HAVE_NETDB_H 1
| #define HAVE_NETINET_IN_H 1
| #define HAVE_SYS_SOCKET_H 1
| #define HAVE_UNISTD_H 1
| #define HAVE__BOOL 1
| #define HAVE_STDBOOL_H 1
| /* end confdefs.h.  */
| #include <stdio.h>
| #ifdef HAVE_SYS_TYPES_H
| # include <sys/types.h>
| #endif
| #ifdef HAVE_SYS_STAT_H
| # include <sys/stat.h>
| #endif
| #ifdef STDC_HEADERS
| # include <stdlib.h>
| # include <stddef.h>
| #else
| # ifdef HAVE_STDLIB_H
| #  include <stdlib.h>
| # endif
| #endif
| #ifdef HAVE_STRING_H
| # if !defined STDC_HEADERS && defined HAVE_MEMORY_H
| #  include <memory.h>
| # endif
| # include <string.h>
| #endif
| #ifdef HAVE_STRINGS_H
| # include <strings.h>
| #endif
| #ifdef HAVE_INTTYPES_H
| # include <inttypes.h>
| #endif
| #ifdef HAVE_STDINT_H
| # include <stdint.h>
| #endif
| #ifdef HAVE_UNISTD_H
| # include <unistd.h>
| #endif
| int
| main ()
| {
| if (sizeof ((pid_t)))
| 	    return 0;
|   ;
|   return 0;
| }
configure:16457: result: yes
configure:16470: checking vfork.h usability
configure:16470: gcc -c -g -O2  conftest.c >&5
conftest.c:66:10: fatal error: vfork.h: No such file or directory
 #include <vfork.h>
          ^~~~~~~~~
compilation terminated.
configure:16470: $? = 1
configure: failed program was:
| /* confdefs.h */
| #define PACKAGE_NAME "dmucs"
| #define PACKAGE_TARNAME "dmucs"
| #define PACKAGE_VERSION "0.6.1"
| #define PACKAGE_STRING "dmucs 0.6.1"
| #define PACKAGE_BUGREPORT "vic.norman@gmail.com"
| #define PACKAGE_URL ""
| #define PACKAGE "dmucs"
| #define VERSION "0.6.1"
| #define STDC_HEADERS 1
| #define HAVE_SYS_TYPES_H 1
| #define HAVE_SYS_STAT_H 1
| #define HAVE_STDLIB_H 1
| #define HAVE_STRING_H 1
| #define HAVE_MEMORY_H 1
| #define HAVE_STRINGS_H 1
| #define HAVE_INTTYPES_H 1
| #define HAVE_STDINT_H 1
| #define HAVE_UNISTD_H 1
| #define HAVE_DLFCN_H 1
| #define LT_OBJDIR ".libs/"
| #define HAVE_LIBNSL 1
| #define HAVE_LIBNSL 1
| #define HAVE_LIBPTHREAD 1
| #define HAVE_ARPA_INET_H 1
| #define HAVE_NETDB_H 1
| #define HAVE_NETINET_IN_H 1
| #define HAVE_SYS_SOCKET_H 1
| #define HAVE_UNISTD_H 1
| #define HAVE__BOOL 1
| #define HAVE_STDBOOL_H 1
| /* end confdefs.h.  */
| #include <stdio.h>
| #ifdef HAVE_SYS_TYPES_H
| # include <sys/types.h>
| #endif
| #ifdef HAVE_SYS_STAT_H
| # include <sys/stat.h>
| #endif
| #ifdef STDC_HEADERS
| # include <stdlib.h>
| # include <stddef.h>
| #else
| # ifdef HAVE_STDLIB_H
| #  include <stdlib.h>
| # endif
| #endif
| #ifdef HAVE_STRING_H
| # if !defined STDC_HEADERS && defined HAVE_MEMORY_H
| #  include <memory.h>
| # endif
| # include <string.h>
| #endif
| #ifdef HAVE_STRINGS_H
| # include <strings.h>
| #endif
| #ifdef HAVE_INTTYPES_H
| # include <inttypes.h>
| #endif
| #ifdef HAVE_STDINT_H
| # include <stdint.h>
| #endif
| #ifdef HAVE_UNISTD_H
| # include <unistd.h>
| #endif
| #include <vfork.h>
configure:16470: result: no
configure:16470: checking vfork.h presence
configure:16470: gcc -E  conftest.c
conftest.c:33:10: fatal error: vfork.h: No such file or directory
 #include <vfork.h>
          ^~~~~~~~~
compilation terminated.
configure:16470: $? = 1
configure: failed program was:
| /* confdefs.h */
| #define PACKAGE_NAME "dmucs"
| #define PACKAGE_TARNAME "dmucs"
| #define PACKAGE_VERSION "0.6.1"
| #define PACKAGE_STRING "dmucs 0.6.1"
| #define PACKAGE_BUGREPORT "vic.norman@gmail.com"
| #define PACKAGE_URL ""
| #define PACKAGE "dmucs"
| #define VERSION "0.6.1"
| #define STDC_HEADERS 1
| #define HAVE_SYS_TYPES_H 1
| #define HAVE_SYS_STAT_H 1
| #define HAVE_STDLIB_H 1
| #define HAVE_STRING_H 1
| #define HAVE_MEMORY_H 1
| #define HAVE_STRINGS_H 1
| #define HAVE_INTTYPES_H 1
| #define HAVE_STDINT_H 1
| #define HAVE_UNISTD_H 1
| #define HAVE_DLFCN_H 1
| #define LT_OBJDIR ".libs/"
| #define HAVE_LIBNSL 1
| #define HAVE_LIBNSL 1
| #define HAVE_LIBPTHREAD 1
| #define HAVE_ARPA_INET_H 1
| #define HAVE_NETDB_H 1
| #define HAVE_NETINET_IN_H 1
| #define HAVE_SYS_SOCKET_H 1
| #define HAVE_UNISTD_H 1
| #define HAVE__BOOL 1
| #define HAVE_STDBOOL_H 1
| /* end confdefs.h.  */
| #include <vfork.h>
configure:16470: result: no
configure:16470: checking for vfork.h
configure:16470: result: no
configure:16483: checking for fork
configure:16483: gcc -o conftest -g -O2   conftest.c -lpthread -lnsl -lnsl  >&5
conftest.c:56:6: warning: conflicting types for built-in function 'fork' [-Wbuiltin-declaration-mismatch]
 char fork ();
      ^~~~
configure:16483: $? = 0
configure:16483: result: yes
configure:16483: checking for vfork
configure:16483: gcc -o conftest -g -O2   conftest.c -lpthread -lnsl -lnsl  >&5
configure:16483: $? = 0
configure:16483: result: yes
configure:16493: checking for working fork
configure:16515: gcc -o conftest -g -O2   conftest.c -lpthread -lnsl -lnsl  >&5
configure:16515: $? = 0
configure:16515: ./conftest
configure:16515: $? = 0
configure:16525: result: yes
configure:16546: checking for working vfork
configure:16656: result: yes
configure:16681: checking for ANSI C header files
configure:16785: result: yes
configure:16796: checking for gethostbyaddr
configure:16796: gcc -o conftest -g -O2   conftest.c -lpthread -lnsl -lnsl  >&5
configure:16796: $? = 0
configure:16796: result: yes
configure:16796: checking for gethostbyaddr_r
configure:16796: gcc -o conftest -g -O2   conftest.c -lpthread -lnsl -lnsl  >&5
configure:16796: $? = 0
configure:16796: result: yes
configure:16796: checking for gethostbyname
configure:16796: gcc -o conftest -g -O2   conftest.c -lpthread -lnsl -lnsl  >&5
configure:16796: $? = 0
configure:16796: result: yes
configure:16796: checking for gethostname
configure:16796: gcc -o conftest -g -O2   conftest.c -lpthread -lnsl -lnsl  >&5
configure:16796: $? = 0
configure:16796: result: yes
configure:16796: checking for inet_ntoa
configure:16796: gcc -o conftest -g -O2   conftest.c -lpthread -lnsl -lnsl  >&5
configure:16796: $? = 0
configure:16796: result: yes
configure:16796: checking for putenv
configure:16796: gcc -o conftest -g -O2   conftest.c -lpthread -lnsl -lnsl  >&5
configure:16796: $? = 0
configure:16796: result: yes
configure:16796: checking for strerror
configure:16796: gcc -o conftest -g -O2   conftest.c -lpthread -lnsl -lnsl  >&5
configure:16796: $? = 0
configure:16796: result: yes
configure:16807: checking for gethostbyname in -lnsl
configure:16841: result: yes
configure:16853: checking for gethostbyaddr_r
configure:16853: result: yes
configure:16856: checking signature of gethostbyaddr_r
configure:16876: gcc -c -g -O2  conftest.c >&5
configure:16876: $? = 0
configure:16881: result: 8 args
configure:16965: checking if we need -pthread for threads
configure:16983: gcc -o conftest -g -O2  -pthread  conftest.c -lnsl -lpthread -lnsl -lnsl  >&5
configure:16983: $? = 0
configure:16995: result: yes
configure:17007: checking for library containing gethostbyname
configure:17038: gcc -o conftest -g -O2  -pthread  conftest.c  >&5
configure:17038: $? = 0
configure:17055: result: none required
configure:17063: checking for library containing socket
configure:17094: gcc -o conftest -g -O2  -pthread  conftest.c  >&5
configure:17094: $? = 0
configure:17111: result: none required
configure:17274: checking that generated files are newer than configure
configure:17280: result: done
configure:17307: creating ./config.status

## ---------------------- ##
## Running config.status. ##
## ---------------------- ##

This file was extended by dmucs config.status 0.6.1, which was
generated by GNU Autoconf 2.69.  Invocation command line was

  CONFIG_FILES    = 
  CONFIG_HEADERS  = 
  CONFIG_LINKS    = 
  CONFIG_COMMANDS = 
  $ ./config.status 

on nn01

config.status:1172: creating Makefile
config.status:1172: creating COSMIC/Makefile
config.status:1172: creating config.h
config.status:1401: executing depfiles commands
config.status:1401: executing libtool commands

## ---------------- ##
## Cache variables. ##
## ---------------- ##

ac_cv_build=x86_64-pc-linux-gnu
ac_cv_c_compiler_gnu=yes
ac_cv_c_const=yes
ac_cv_c_inline=inline
ac_cv_cxx_compiler_gnu=yes
ac_cv_env_CCC_set=
ac_cv_env_CCC_value=
ac_cv_env_CC_set=
ac_cv_env_CC_value=
ac_cv_env_CFLAGS_set=
ac_cv_env_CFLAGS_value=
ac_cv_env_CPPFLAGS_set=
ac_cv_env_CPPFLAGS_value=
ac_cv_env_CPP_set=
ac_cv_env_CPP_value=
ac_cv_env_CXXCPP_set=
ac_cv_env_CXXCPP_value=
ac_cv_env_CXXFLAGS_set=
ac_cv_env_CXXFLAGS_value=
ac_cv_env_CXX_set=
ac_cv_env_CXX_value=
ac_cv_env_LDFLAGS_set=
ac_cv_env_LDFLAGS_value=
ac_cv_env_LIBS_set=
ac_cv_env_LIBS_value=
ac_cv_env_LT_SYS_LIBRARY_PATH_set=
ac_cv_env_LT_SYS_LIBRARY_PATH_value=
ac_cv_env_build_alias_set=
ac_cv_env_build_alias_value=
ac_cv_env_host_alias_set=
ac_cv_env_host_alias_value=
ac_cv_env_target_alias_set=
ac_cv_env_target_alias_value=
ac_cv_func_fork=yes
ac_cv_func_fork_works=yes
ac_cv_func_gethostbyaddr=yes
ac_cv_func_gethostbyaddr_r=yes
ac_cv_func_gethostbyname=yes
ac_cv_func_gethostname=yes
ac_cv_func_inet_ntoa=yes
ac_cv_func_putenv=yes
ac_cv_func_strerror=yes
ac_cv_func_vfork=yes
ac_cv_func_vfork_works=yes
ac_cv_header_arpa_inet_h=yes
ac_cv_header_dlfcn_h=yes
ac_cv_header_inttypes_h=yes
ac_cv_header_memory_h=yes
ac_cv_header_netdb_h=yes
ac_cv_header_netinet_in_h=yes
ac_cv_header_stdbool_h=yes
ac_cv_header_stdc=yes
ac_cv_header_stdint_h=yes
ac_cv_header_stdlib_h=yes
ac_cv_header_string_h=yes
ac_cv_header_strings_h=yes
ac_cv_header_sys_socket_h=yes
ac_cv_header_sys_stat_h=yes
ac_cv_header_sys_types_h=yes
ac_cv_header_unistd_h=yes
ac_cv_header_vfork_h=no
ac_cv_host=x86_64-pc-linux-gnu
ac_cv_lib_nsl_gethostbyaddr_r=yes
ac_cv_lib_nsl_gethostbyname=yes
ac_cv_lib_pthread_pthread_mutex_lock=yes
ac_cv_lib_socket_socket=no
ac_cv_objext=o
ac_cv_path_EGREP='/bin/grep -E'
ac_cv_path_FGREP='/bin/grep -F'
ac_cv_path_GREP=/bin/grep
ac_cv_path_SED=/bin/sed
ac_cv_path_install='/usr/bin/install -c'
ac_cv_path_lt_DD=/bin/dd
ac_cv_path_mkdir=/bin/mkdir
ac_cv_prog_AWK=gawk
ac_cv_prog_CPP='gcc -E'
ac_cv_prog_CXXCPP='g++ -E'
ac_cv_prog_ac_ct_AR=ar
ac_cv_prog_ac_ct_CC=gcc
ac_cv_prog_ac_ct_CXX=g++
ac_cv_prog_ac_ct_MANIFEST_TOOL=mt
ac_cv_prog_ac_ct_OBJDUMP=objdump
ac_cv_prog_ac_ct_RANLIB=ranlib
ac_cv_prog_ac_ct_STRIP=strip
ac_cv_prog_cc_c89=
ac_cv_prog_cc_g=yes
ac_cv_prog_cxx_g=yes
ac_cv_prog_make_make_set=yes
ac_cv_search_gethostbyname='none required'
ac_cv_search_socket='none required'
ac_cv_type__Bool=yes
ac_cv_type_pid_t=yes
am_cv_CC_dependencies_compiler_type=gcc3
am_cv_CXX_dependencies_compiler_type=gcc3
am_cv_ar_interface=ar
am_cv_make_support_nested_variables=yes
am_cv_prog_cc_c_o=yes
lt_cv_ar_at_file=@
lt_cv_archive_cmds_need_lc=no
lt_cv_deplibs_check_method=pass_all
lt_cv_file_magic_cmd='$MAGIC_CMD'
lt_cv_file_magic_test_file=
lt_cv_ld_reload_flag=-r
lt_cv_nm_interface='BSD nm'
lt_cv_objdir=.libs
lt_cv_path_LD=/usr/bin/ld
lt_cv_path_LDCXX='/usr/bin/ld -m elf_x86_64'
lt_cv_path_NM='/usr/bin/nm -B'
lt_cv_path_mainfest_tool=no
lt_cv_prog_compiler_c_o=yes
lt_cv_prog_compiler_c_o_CXX=yes
lt_cv_prog_compiler_pic='-fPIC -DPIC'
lt_cv_prog_compiler_pic_CXX='-fPIC -DPIC'
lt_cv_prog_compiler_pic_works=yes
lt_cv_prog_compiler_pic_works_CXX=yes
lt_cv_prog_compiler_rtti_exceptions=no
lt_cv_prog_compiler_static_works=yes
lt_cv_prog_compiler_static_works_CXX=yes
lt_cv_prog_gnu_ld=yes
lt_cv_prog_gnu_ldcxx=yes
lt_cv_sharedlib_from_linklib_cmd='printf %s\n'
lt_cv_shlibpath_overrides_runpath=yes
lt_cv_sys_global_symbol_pipe='sed -n -e '\''s/^.*[	 ]\([ABCDGIRSTW][ABCDGIRSTW]*\)[	 ][	 ]*\([_A-Za-z][_A-Za-z0-9]*\)$/\1 \2 \2/p'\'' | sed '\''/ __gnu_lto/d'\'''
lt_cv_sys_global_symbol_to_c_name_address='sed -n -e '\''s/^: \(.*\) .*$/  {"\1", (void *) 0},/p'\'' -e '\''s/^[ABCDGIRSTW][ABCDGIRSTW]* .* \(.*\)$/  {"\1", (void *) \&\1},/p'\'''
lt_cv_sys_global_symbol_to_c_name_address_lib_prefix='sed -n -e '\''s/^: \(.*\) .*$/  {"\1", (void *) 0},/p'\'' -e '\''s/^[ABCDGIRSTW][ABCDGIRSTW]* .* \(lib.*\)$/  {"\1", (void *) \&\1},/p'\'' -e '\''s/^[ABCDGIRSTW][ABCDGIRSTW]* .* \(.*\)$/  {"lib\1", (void *) \&\1},/p'\'''
lt_cv_sys_global_symbol_to_cdecl='sed -n -e '\''s/^T .* \(.*\)$/extern int \1();/p'\'' -e '\''s/^[ABCDGIRSTW][ABCDGIRSTW]* .* \(.*\)$/extern char \1;/p'\'''
lt_cv_sys_global_symbol_to_import=
lt_cv_sys_max_cmd_len=1572864
lt_cv_to_host_file_cmd=func_convert_file_noop
lt_cv_to_tool_file_cmd=func_convert_file_noop
lt_cv_truncate_bin='/bin/dd bs=4096 count=1'

## ----------------- ##
## Output variables. ##
## ----------------- ##

ACLOCAL='${SHELL} /home/stg/tmp/dmucs/dmucs-working/missing aclocal-1.15'
AMDEPBACKSLASH='\'
AMDEP_FALSE='#'
AMDEP_TRUE=''
AMTAR='$${TAR-tar}'
AM_BACKSLASH='\'
AM_DEFAULT_V='$(AM_DEFAULT_VERBOSITY)'
AM_DEFAULT_VERBOSITY='1'
AM_V='$(V)'
AR='ar'
AUTOCONF='${SHELL} /home/stg/tmp/dmucs/dmucs-working/missing autoconf'
AUTOHEADER='${SHELL} /home/stg/tmp/dmucs/dmucs-working/missing autoheader'
AUTOMAKE='${SHELL} /home/stg/tmp/dmucs/dmucs-working/missing automake-1.15'
AWK='gawk'
CC='gcc'
CCDEPMODE='depmode=gcc3'
CFLAGS='-g -O2'
CPP='gcc -E'
CPPFLAGS=''
CXX='g++'
CXXCPP='g++ -E'
CXXDEPMODE='depmode=gcc3'
CXXFLAGS='-g -O2'
CYGPATH_W='echo'
DEFS='-DHAVE_CONFIG_H'
DEPDIR='.deps'
DLLTOOL='false'
DSYMUTIL=''
DUMPBIN=''
ECHO_C=''
ECHO_N='-n'
ECHO_T=''
EGREP='/bin/grep -E'
EXEEXT=''
FGREP='/bin/grep -F'
GREP='/bin/grep'
INSTALL_DATA='${INSTALL} -m 644'
INSTALL_PROGRAM='${INSTALL}'
INSTALL_SCRIPT='${INSTALL}'
INSTALL_STRIP_PROGRAM='$(install_sh) -c -s'
LD='/usr/bin/ld -m elf_x86_64'
LDFLAGS='-pthread '
LIBOBJS=''
LIBS=''
LIBTOOL='$(SHELL) $(top_builddir)/libtool'
LIPO=''
LN_S='ln -s'
LTLIBOBJS=''
LT_SYS_LIBRARY_PATH=''
MAKEINFO='${SHELL} /home/stg/tmp/dmucs/dmucs-working/missing makeinfo'
MANIFEST_TOOL=':'
MKDIR_P='/bin/mkdir -p'
NM='/usr/bin/nm -B'
NMEDIT=''
OBJDUMP='objdump'
OBJEXT='o'
OTOOL64=''
OTOOL=''
PACKAGE='dmucs'
PACKAGE_BUGREPORT='vic.norman@gmail.com'
PACKAGE_NAME='dmucs'
PACKAGE_STRING='dmucs 0.6.1'
PACKAGE_TARNAME='dmucs'
PACKAGE_URL=''
PACKAGE_VERSION='0.6.1'
PATH_SEPARATOR=':'
RANLIB='ranlib'
SED='/bin/sed'
SET_MAKE=''
SHELL='/bin/bash'
STRIP='strip'
VERSION='0.6.1'
ac_ct_AR='ar'
ac_ct_CC='gcc'
ac_ct_CXX='g++'
ac_ct_DUMPBIN=''
am__EXEEXT_FALSE=''
am__EXEEXT_TRUE='#'
am__fastdepCC_FALSE='#'
am__fastdepCC_TRUE=''
am__fastdepCXX_FALSE='#'
am__fastdepCXX_TRUE=''
am__include='include'
am__isrc=''
am__leading_dot='.'
am__nodep='_no'
am__quote=''
am__tar='$${TAR-tar} chof - "$$tardir"'
am__untar='$${TAR-tar} xf -'
bindir='${exec_prefix}/bin'
build='x86_64-pc-linux-gnu'
build_alias=''
build_cpu='x86_64'
build_os='linux-gnu'
build_vendor='pc'
datadir='${datarootdir}'
datarootdir='${prefix}/share'
docdir='${datarootdir}/doc/${PACKAGE_TARNAME}'
dvidir='${docdir}'
exec_prefix='${prefix}'
host='x86_64-pc-linux-gnu'
host_alias=''
host_cpu='x86_64'
host_os='linux-gnu'
host_vendor='pc'
htmldir='${docdir}'
includedir='${prefix}/include'
infodir='${datarootdir}/info'
install_sh='${SHELL} /home/stg/tmp/dmucs/dmucs-working/install-sh'
libdir='${exec_prefix}/lib'
libexecdir='${exec_prefix}/libexec'
localedir='${datarootdir}/locale'
localstatedir='${prefix}/var'
mandir='${datarootdir}/man'
mkdir_p='$(MKDIR_P)'
oldincludedir='/usr/include'
pdfdir='${docdir}'
prefix='/usr/local'
program_transform_name='s,x,x,'
psdir='${docdir}'
runstatedir='${localstatedir}/run'
sbindir='${exec_prefix}/sbin'
sharedstatedir='${prefix}/com'
sysconfdir='${prefix}/etc'
target_alias=''

## ----------- ##
## confdefs.h. ##
## ----------- ##

/* confdefs.h */
#define PACKAGE_NAME "dmucs"
#define PACKAGE_TARNAME "dmucs"
#define PACKAGE_VERSION "0.6.1"
#define PACKAGE_STRING "dmucs 0.6.1"
#define PACKAGE_BUGREPORT "vic.norman@gmail.com"
#define PACKAGE_URL ""
#define PACKAGE "dmucs"
#define VERSION "0.6.1"
#define STDC_HEADERS 1
#define HAVE_SYS_TYPES_H 1
#define HAVE_SYS_STAT_H 1
#define HAVE_STDLIB_H 1
#define HAVE_STRING_H 1
#define HAVE_MEMORY_H 1
#define HAVE_STRINGS_H 1
#define HAVE_INTTYPES_H 1
#define HAVE_STDINT_H 1
#define HAVE_UNISTD_H 1
#define HAVE_DLFCN_H 1
#define LT_OBJDIR ".libs/"
#define HAVE_LIBNSL 1
#define HAVE_LIBNSL 1
#define HAVE_LIBPTHREAD 1
#define HAVE_ARPA_INET_H 1
#define HAVE_NETDB_H 1
#define HAVE_NETINET_IN_H 1
#define HAVE_SYS_SOCKET_H 1
#define HAVE_UNISTD_H 1
#define HAVE__BOOL 1
#define HAVE_STDBOOL_H 1
#define HAVE_FORK 1
#define HAVE_VFORK 1
#define HAVE_WORKING_VFORK 1
#define HAVE_WORKING_FORK 1
#define STDC_HEADERS 1
#define HAVE_GETHOSTBYADDR 1
#define HAVE_GETHOSTBYADDR_R 1
#define HAVE_GETHOSTBYNAME 1
#define HAVE_GETHOSTNAME 1
#define HAVE_INET_NTOA 1
#define HAVE_PUTENV 1
#define HAVE_STRERROR 1
#define HAVE_LIBNSL 1
#define HAVE_GETHOSTBYADDR_R_8_ARGS 1

configure: exit 0
